<?xml version="1.0" encoding="UTF-8"?>
<!-- Generated by org.testng.reporters.JUnitReportReporter -->
<testsuite skipped="0" hostname="AlexMacBook.local" name="test.Calculator_Nuix_Test" tests="10" failures="0" timestamp="24 Feb 2021 04:20:03 GMT" time="54.125" errors="0">
  <testcase name="decimals2" time="8.604" classname="test.Calculator_Nuix_Test"/>
  <testcase name="simple_addition2" time="4.808" classname="test.Calculator_Nuix_Test"/>
  <testcase name="simple_addition1" time="4.837" classname="test.Calculator_Nuix_Test"/>
  <testcase name="simple_division4" time="4.912" classname="test.Calculator_Nuix_Test"/>
  <testcase name="simple_division5" time="4.813" classname="test.Calculator_Nuix_Test"/>
  <testcase name="simple_division3" time="5.235" classname="test.Calculator_Nuix_Test"/>
  <testcase name="simple_addition3" time="4.918" classname="test.Calculator_Nuix_Test"/>
  <testcase name="simple_division2" time="4.919" classname="test.Calculator_Nuix_Test"/>
  <testcase name="decimals1" time="6.277" classname="test.Calculator_Nuix_Test"/>
  <testcase name="simple_division1" time="4.802" classname="test.Calculator_Nuix_Test"/>
</testsuite> <!-- test.Calculator_Nuix_Test -->
