<?xml version="1.0" encoding="UTF-8"?>
<!-- Generated by org.testng.reporters.JUnitReportReporter -->
<testsuite skipped="0" hostname="AlexMacBook.local" name="test.GoogleSearchPageTest1" tests="1" failures="0" timestamp="22 Feb 2021 03:44:54 GMT" time="1.178" errors="0">
  <testcase name="googleSearchTest" time="1.178" classname="test.GoogleSearchPageTest1"/>
</testsuite> <!-- test.GoogleSearchPageTest1 -->
